  BaseExampleApp.c
C:\Users\Jordan Hahn\Documents\Software Development\OWA Piccolo Telemetry Server\SDK\BaseExampleApp\BaseExampleApp.c(529,34): warning C4996: 'inet_addr': Use inet_pton() or InetPton() instead or define _WINSOCK_DEPRECATED_NO_WARNINGS to disable deprecated API warnings
  CommBase.lib(StreamPackets.obj) : MSIL .netmodule or module compiled with /GL found; restarting link with /LTCG; add /LTCG to the link command line to improve linker performance
  Generating code
  Finished generating code
CommBase.lib(StreamPackets.obj) : warning LNK4099: PDB 'vc90.pdb' was not found with 'CommBase.lib(StreamPackets.obj)' or at 'C:\Users\Jordan Hahn\Documents\Software Development\OWA Piccolo Telemetry Server\SDK\BaseExampleApp\Release\vc90.pdb'; linking object as if no debug info
CommBase.lib(GSPacket.obj) : warning LNK4099: PDB 'vc90.pdb' was not found with 'CommBase.lib(GSPacket.obj)' or at 'C:\Users\Jordan Hahn\Documents\Software Development\OWA Piccolo Telemetry Server\SDK\BaseExampleApp\Release\vc90.pdb'; linking object as if no debug info
CommBase.lib(AutopilotPacket.obj) : warning LNK4099: PDB 'vc90.pdb' was not found with 'CommBase.lib(AutopilotPacket.obj)' or at 'C:\Users\Jordan Hahn\Documents\Software Development\OWA Piccolo Telemetry Server\SDK\BaseExampleApp\Release\vc90.pdb'; linking object as if no debug info
CommBase.lib(AutopilotPacketGnd.obj) : warning LNK4099: PDB 'vc90.pdb' was not found with 'CommBase.lib(AutopilotPacketGnd.obj)' or at 'C:\Users\Jordan Hahn\Documents\Software Development\OWA Piccolo Telemetry Server\SDK\BaseExampleApp\Release\vc90.pdb'; linking object as if no debug info
CommBase.lib(CommBase.obj) : warning LNK4099: PDB 'vc90.pdb' was not found with 'CommBase.lib(CommBase.obj)' or at 'C:\Users\Jordan Hahn\Documents\Software Development\OWA Piccolo Telemetry Server\SDK\BaseExampleApp\Release\vc90.pdb'; linking object as if no debug info
CommBase.lib(CommBaseAutopilot.obj) : warning LNK4099: PDB 'vc90.pdb' was not found with 'CommBase.lib(CommBaseAutopilot.obj)' or at 'C:\Users\Jordan Hahn\Documents\Software Development\OWA Piccolo Telemetry Server\SDK\BaseExampleApp\Release\vc90.pdb'; linking object as if no debug info
CommBase.lib(GreatCircle.obj) : warning LNK4099: PDB 'vc90.pdb' was not found with 'CommBase.lib(GreatCircle.obj)' or at 'C:\Users\Jordan Hahn\Documents\Software Development\OWA Piccolo Telemetry Server\SDK\BaseExampleApp\Release\vc90.pdb'; linking object as if no debug info
CommBase.lib(MathUtil.obj) : warning LNK4099: PDB 'vc90.pdb' was not found with 'CommBase.lib(MathUtil.obj)' or at 'C:\Users\Jordan Hahn\Documents\Software Development\OWA Piccolo Telemetry Server\SDK\BaseExampleApp\Release\vc90.pdb'; linking object as if no debug info
CommBase.lib(FlightPlan.obj) : warning LNK4099: PDB 'vc90.pdb' was not found with 'CommBase.lib(FlightPlan.obj)' or at 'C:\Users\Jordan Hahn\Documents\Software Development\OWA Piccolo Telemetry Server\SDK\BaseExampleApp\Release\vc90.pdb'; linking object as if no debug info
CommBase.lib(CRC.obj) : warning LNK4099: PDB 'vc90.pdb' was not found with 'CommBase.lib(CRC.obj)' or at 'C:\Users\Jordan Hahn\Documents\Software Development\OWA Piccolo Telemetry Server\SDK\BaseExampleApp\Release\vc90.pdb'; linking object as if no debug info
CommBase.lib(Queue.obj) : warning LNK4099: PDB '' was not found with 'CommBase.lib(Queue.obj)' or at ''; linking object as if no debug info
CommBase.lib(ByteOrderLE.obj) : warning LNK4099: PDB 'vc90.pdb' was not found with 'CommBase.lib(ByteOrderLE.obj)' or at 'C:\Users\Jordan Hahn\Documents\Software Development\OWA Piccolo Telemetry Server\SDK\BaseExampleApp\Release\vc90.pdb'; linking object as if no debug info
CommBase.lib(ByteOrder.obj) : warning LNK4099: PDB '' was not found with 'CommBase.lib(ByteOrder.obj)' or at ''; linking object as if no debug info
CommBase.lib(GPSTimeConvert.obj) : warning LNK4099: PDB '' was not found with 'CommBase.lib(GPSTimeConvert.obj)' or at ''; linking object as if no debug info
CommBase.lib(Iridium.obj) : warning LNK4099: PDB 'vc90.pdb' was not found with 'CommBase.lib(Iridium.obj)' or at 'C:\Users\Jordan Hahn\Documents\Software Development\OWA Piccolo Telemetry Server\SDK\BaseExampleApp\Release\vc90.pdb'; linking object as if no debug info
CommBase.lib(Timer.obj) : warning LNK4099: PDB 'vc90.pdb' was not found with 'CommBase.lib(Timer.obj)' or at 'C:\Users\Jordan Hahn\Documents\Software Development\OWA Piccolo Telemetry Server\SDK\BaseExampleApp\Release\vc90.pdb'; linking object as if no debug info
CommBase.lib(stream.obj) : warning LNK4099: PDB 'vc90.pdb' was not found with 'CommBase.lib(stream.obj)' or at 'C:\Users\Jordan Hahn\Documents\Software Development\OWA Piccolo Telemetry Server\SDK\BaseExampleApp\Release\vc90.pdb'; linking object as if no debug info
CommBase.lib(Serial_PC.obj) : warning LNK4099: PDB '' was not found with 'CommBase.lib(Serial_PC.obj)' or at ''; linking object as if no debug info
CommBase.lib(TimeBase_PC.obj) : warning LNK4099: PDB 'vc90.pdb' was not found with 'CommBase.lib(TimeBase_PC.obj)' or at 'C:\Users\Jordan Hahn\Documents\Software Development\OWA Piccolo Telemetry Server\SDK\BaseExampleApp\Release\vc90.pdb'; linking object as if no debug info
CommBase.lib(Network.obj) : warning LNK4099: PDB 'vc90.pdb' was not found with 'CommBase.lib(Network.obj)' or at 'C:\Users\Jordan Hahn\Documents\Software Development\OWA Piccolo Telemetry Server\SDK\BaseExampleApp\Release\vc90.pdb'; linking object as if no debug info
CommBase.lib(IridiumGround.obj) : warning LNK4099: PDB 'vc90.pdb' was not found with 'CommBase.lib(IridiumGround.obj)' or at 'C:\Users\Jordan Hahn\Documents\Software Development\OWA Piccolo Telemetry Server\SDK\BaseExampleApp\Release\vc90.pdb'; linking object as if no debug info
CommBase.lib(USBSerial.obj) : warning LNK4099: PDB 'vc90.pdb' was not found with 'CommBase.lib(USBSerial.obj)' or at 'C:\Users\Jordan Hahn\Documents\Software Development\OWA Piccolo Telemetry Server\SDK\BaseExampleApp\Release\vc90.pdb'; linking object as if no debug info
CommBase.lib(Serial_W32.obj) : warning LNK4099: PDB 'vc90.pdb' was not found with 'CommBase.lib(Serial_W32.obj)' or at 'C:\Users\Jordan Hahn\Documents\Software Development\OWA Piccolo Telemetry Server\SDK\BaseExampleApp\Release\vc90.pdb'; linking object as if no debug info
  BaseExampleApp.vcxproj -> C:\Users\Jordan Hahn\Documents\Software Development\OWA Piccolo Telemetry Server\SDK\BaseExampleApp\Release\BaseExampleApp.exe
